Found UniProt Accession: P00720 for PDB ID 139l - ENLYS_BPT4
Found UniProt Accession: P07378 for PDB ID 16pk - PGKC_TRYBB
Found UniProt Accession: P06492 for PDB ID 16vp - VP16_HHV11
Found UniProt Accession: P16254 for PDB ID 1914 - SRP14_MOUSE
Found UniProt Accession: P0AF28 for PDB ID 1a04 - NARL_ECOLI
Found UniProt Accession: P0AF28 for PDB ID 1a04 - NARL_ECOLI
Found UniProt Accession: P07270 for PDB ID 1a0a - PHO4_YEAST
Found UniProt Accession: P00969 for PDB ID 1a0i - DNLI_BPT7
Found UniProt Accession: P00969 for PDB ID 1a0i - DNLI_BPT7
Found UniProt Accession: P00969 for PDB ID 1a0i - DNLI_BPT7
Found UniProt Accession: P0A8P8 for PDB ID 1a0p - XERD_ECOLI
Found UniProt Accession: P62871 for PDB ID 1a0r - GBB1_BOVIN
Found UniProt Accession: P02698 for PDB ID 1a0r - GBG1_BOVIN
Found UniProt Accession: P19632 for PDB ID 1a0r - PHOS_BOVIN
Found UniProt Accession: P22340 for PDB ID 1a0s - SCRY_SALTM
Found UniProt Accession: P53041 for PDB ID 1a17 - PPP5_HUMAN
Found UniProt Accession: P08046 for PDB ID 1a1h - EGR1_MOUSE
Found UniProt Accession: P08046 for PDB ID 1a1h - EGR1_MOUSE
Found UniProt Accession: Q75677 for PDB ID 1a1t - Q75677_9HIV1
Found UniProt Accession: P56278 for PDB ID 1a1x - MTCP1_HUMAN
Found UniProt Accession: P04042 for PDB ID 1a2o - CHEB_SALTY
Found UniProt Accession: P00648 for PDB ID 1a2p - RNBR_BACAM
Found UniProt Accession: P11387 for PDB ID 1a35 - TOP1_HUMAN
Found UniProt Accession: P00550 for PDB ID 1a3a - PTM3C_ECOLI
Found UniProt Accession: Q00653 for PDB ID 1a3q - NFKB2_HUMAN
Found UniProt Accession: P00549 for PDB ID 1a3w - KPYK1_YEAST
Found UniProt Accession: P68698 for PDB ID 1a41 - TOP1_VACCW
Found UniProt Accession: P68698 for PDB ID 1a41 - TOP1_VACCW
Found UniProt Accession: P11586 for PDB ID 1a4i - C1TC_HUMAN
Found UniProt Accession: P11586 for PDB ID 1a4i - C1TC_HUMAN
Found UniProt Accession: O34002 for PDB ID 1a59 - PRPC_ABDS2
Found UniProt Accession: P28631 for PDB ID 1a5t - HOLB_ECOLI
Found UniProt Accession: P28631 for PDB ID 1a5t - HOLB_ECOLI
Found UniProt Accession: P28631 for PDB ID 1a5t - HOLB_ECOLI
Found UniProt Accession: P0AG30 for PDB ID 1a62 - RHO_ECOLI
Found UniProt Accession: P0AG30 for PDB ID 1a62 - RHO_ECOLI
Found UniProt Accession: P03332 for PDB ID 1a6b - GAG_MLVMS
Found UniProt Accession: Q88894 for PDB ID 1a6c - CAPSD_TRSV
Found UniProt Accession: Q88894 for PDB ID 1a6c - CAPSD_TRSV
Found UniProt Accession: P69829 for PDB ID 1a6j - PTSN_ECOLI
Found UniProt Accession: P03322 for PDB ID 1a6s - GAG_RSVP
Found UniProt Accession: Q30201 for PDB ID 1a6z - HFE_HUMAN
Found UniProt Accession: P61769 for PDB ID 1a6z - B2MG_HUMAN
Found UniProt Accession: Q94702 for PDB ID 1a73 - PPO1_PHYPO
Found UniProt Accession: Q58839 for PDB ID 1a76 - FEN_METJA
Found UniProt Accession: Q58819 for PDB ID 1a79 - ENDA_METJA
Found UniProt Accession: P05121 for PDB ID 1a7c - PAI1_HUMAN
Found UniProt Accession: P12033 for PDB ID 1a7j - KPPR1_CERSP
Found UniProt Accession: P20160 for PDB ID 1a7s - CAP7_HUMAN
Found UniProt Accession: P20160 for PDB ID 1a7s - CAP7_HUMAN
Found UniProt Accession: P08083 for PDB ID 1a87 - CEAN_ECOLX
Found UniProt Accession: P04958 for PDB ID 1a8d - TETX_CLOTE
Found UniProt Accession: P04958 for PDB ID 1a8d - TETX_CLOTE
Found UniProt Accession: Q51760 for PDB ID 1a8l - Q51760_9EURY
Found UniProt Accession: Q51760 for PDB ID 1a8l - Q51760_9EURY
Found UniProt Accession: P12497 for PDB ID 1a8o - POL_HV1N5
Found UniProt Accession: P68699 for PDB ID 1a91 - ATPL_ECOLI
Found UniProt Accession: P25989 for PDB ID 1a92 - SHDAG_HDVAM
Found UniProt Accession: P00968 for PDB ID 1a9x - CARB_ECOLI
Found UniProt Accession: P0A6F1 for PDB ID 1a9x - CARA_ECOLI
Found UniProt Accession: P00968 for PDB ID 1a9x - CARB_ECOLI
Found UniProt Accession: P0A6F1 for PDB ID 1a9x - CARA_ECOLI
Found UniProt Accession: P00968 for PDB ID 1a9x - CARB_ECOLI
Found UniProt Accession: P0A6F1 for PDB ID 1a9x - CARA_ECOLI
Found UniProt Accession: P00968 for PDB ID 1a9x - CARB_ECOLI
Found UniProt Accession: P0A6F1 for PDB ID 1a9x - CARA_ECOLI
Found UniProt Accession: P00968 for PDB ID 1a9x - CARB_ECOLI
Found UniProt Accession: P0A6F1 for PDB ID 1a9x - CARA_ECOLI
Found UniProt Accession: P00968 for PDB ID 1a9x - CARB_ECOLI
Found UniProt Accession: P0A6F1 for PDB ID 1a9x - CARA_ECOLI
Found UniProt Accession: P00968 for PDB ID 1a9x - CARB_ECOLI
Found UniProt Accession: P0A6F1 for PDB ID 1a9x - CARA_ECOLI
Found UniProt Accession: P10104 for PDB ID 1aa0 - WAC_BPT4
Found UniProt Accession: P05067 for PDB ID 1aap - A4_HUMAN
Found UniProt Accession: P00276 for PDB ID 1aba - GLRX_BPT4
Found UniProt Accession: P0ABA4 for PDB ID 1abv - ATPD_ECOLI
Found UniProt Accession: P09620 for PDB ID 1ac5 - KEX1_YEAST
Found UniProt Accession: P03265 for PDB ID 1adu - DNB2_ADE05
Found UniProt Accession: P03700 for PDB ID 1ae9 - VINT_LAMBD
Found UniProt Accession: P10762 for PDB ID 1aep - APL3_LOCMI
Found UniProt Accession: P02943 for PDB ID 1af6 - LAMB_ECOLI
Found UniProt Accession: P07801 for PDB ID 1af7 - CHER_SALTY
Found UniProt Accession: P07801 for PDB ID 1af7 - CHER_SALTY
Found UniProt Accession: P02724 for PDB ID 1afo - GLPA_HUMAN
Found UniProt Accession: P27796 for PDB ID 1afw - THIK_YEAST
Found UniProt Accession: P37045 for PDB ID 1agg - TX23B_AGEAP
